[INFO] Scanning for projects...
[INFO]                                                                         
[INFO] ------------------------------------------------------------------------
[INFO] Building capter_003 2.0
[INFO] ------------------------------------------------------------------------
[INFO] 
[INFO] --- maven-clean-plugin:2.5:clean (default-clean) @ capter_003 ---
[INFO] Deleting C:\projects\vprilepskiy\chapter_003\target
[INFO] 
[INFO] --- maven-checkstyle-plugin:2.17:check (validate) @ capter_003 ---
[INFO] Starting audit...
C:\projects\vprilepskiy\chapter_003\src\main\java\ru\job4j\Point.java:13:23: error: Variable 'x' must be private and have accessor methods.
C:\projects\vprilepskiy\chapter_003\src\main\java\ru\job4j\Point.java:17:23: error: Variable 'y' must be private and have accessor methods.
Audit done.
[INFO] ------------------------------------------------------------------------
[INFO] BUILD FAILURE
[INFO] ------------------------------------------------------------------------
[INFO] Total time: 3.015 s
[INFO] Finished at: 2016-11-28T20:05:01+05:00
[INFO] Final Memory: 14M/193M
[INFO] ------------------------------------------------------------------------
[ERROR] Failed to execute goal org.apache.maven.plugins:maven-checkstyle-plugin:2.17:check (validate) on project capter_003: Failed during checkstyle execution: There are 2 errors reported by Checkstyle 6.11.2 with checkstyle.xml ruleset. -> [Help 1]
[ERROR] 
[ERROR] To see the full stack trace of the errors, re-run Maven with the -e switch.
[ERROR] Re-run Maven using the -X switch to enable full debug logging.
[ERROR] 
[ERROR] For more information about the errors and possible solutions, please read the following articles:
[ERROR] [Help 1] http://cwiki.apache.org/confluence/display/MAVEN/MojoExecutionException
