[INFO] Scanning for projects...
[INFO]                                                                         
[INFO] ------------------------------------------------------------------------
[INFO] Building capter_004 2.0
[INFO] ------------------------------------------------------------------------
[INFO] 
[INFO] --- maven-clean-plugin:2.5:clean (default-clean) @ capter_004 ---
[INFO] Deleting C:\projects\vprilepskiy\chapter_004\target
[INFO] 
[INFO] --- maven-checkstyle-plugin:2.17:check (validate) @ capter_004 ---
[INFO] Starting audit...
C:\projects\vprilepskiy\chapter_004\src\main\java\ru\job4j\Max.java:18:47: error: Avoid inline conditionals.
C:\projects\vprilepskiy\chapter_004\src\main\java\ru\job4j\Max.java:30:63: error: Avoid inline conditionals.
C:\projects\vprilepskiy\chapter_004\src\main\java\ru\job4j\Max.java:31:63: error: Avoid inline conditionals.
C:\projects\vprilepskiy\chapter_004\src\main\java\ru\job4j\Max.java:32:84: error: Avoid inline conditionals.
Audit done.
[INFO] ------------------------------------------------------------------------
[INFO] BUILD FAILURE
[INFO] ------------------------------------------------------------------------
[INFO] Total time: 3.750 s
[INFO] Finished at: 2016-11-27T11:50:22+05:00
[INFO] Final Memory: 14M/192M
[INFO] ------------------------------------------------------------------------
[ERROR] Failed to execute goal org.apache.maven.plugins:maven-checkstyle-plugin:2.17:check (validate) on project capter_004: Failed during checkstyle execution: There are 4 errors reported by Checkstyle 6.11.2 with checkstyle.xml ruleset. -> [Help 1]
[ERROR] 
[ERROR] To see the full stack trace of the errors, re-run Maven with the -e switch.
[ERROR] Re-run Maven using the -X switch to enable full debug logging.
[ERROR] 
[ERROR] For more information about the errors and possible solutions, please read the following articles:
[ERROR] [Help 1] http://cwiki.apache.org/confluence/display/MAVEN/MojoExecutionException
